<?xml version="1.0" encoding="utf-8"?>
<shfbBuild product="Sandcastle Help File Builder" version="2015.1.12.0" projectFile="C:\Users\Oskars\Documents\Visual Studio 2013\Projects\Clusterpoint API\Doc\CPS.shfbproj" started="19.11.2015. 12:34:23">
<buildStep step="Initializing">
Finding tools...
The Sandcastle tools are located in &#39;C:\Program Files (x86)\EWSoftware\Sandcastle Help File Builder\&#39;
Searching for HTML Help 1 compiler...
Found HTML Help 1 compiler in &#39;C:\Program Files (x86)\HTML Help Workshop\&#39;
Locating components in the following folder(s):
   C:\Users\Oskars\Documents\Visual Studio 2013\Projects\Clusterpoint API\Doc
Using presentation style &#39;VS2010&#39; located in &#39;C:\Program Files (x86)\EWSoftware\Sandcastle Help File Builder\PresentationStyles\VS2010&#39;
</buildStep>
<buildStep step="ValidatingDocumentationSources">
Validating and copying documentation source information
Source: C:\Users\Oskars\Documents\Visual Studio 2013\Projects\Clusterpoint API\CPS\CPS.csproj
    Found project &#39;C:\Users\Oskars\Documents\Visual Studio 2013\Projects\Clusterpoint API\CPS\CPS.csproj&#39;

Parsing project files
    Found assembly &#39;C:\Users\Oskars\Documents\Visual Studio 2013\Projects\Clusterpoint API\CPS\bin\Release\CPS.dll&#39;

References to include (excluding framework assemblies):
    None

Copying XML comments files
    C:\Users\Oskars\Documents\Visual Studio 2013\Projects\Clusterpoint API\CPS\bin\Release\CPS.xml -&gt; C:\Users\Oskars\Documents\Visual Studio 2013\Projects\Clusterpoint API\Doc\Help\Working\CPS.xml
</buildStep>
<buildStep step="GenerateSharedContent">
Generating shared content files (en-US, English (United States))...
    Last step completed in 00:00:00,0491
</buildStep>
<buildStep step="GenerateApiFilter">
Generating API filter for MRefBuilder...
    Last step completed in 00:00:00,0281
</buildStep>
<buildStep step="GenerateReflectionInfo">
Generating reflection information...
[C:\Windows\Microsoft.NET\Framework64\v4.0.30319\MSBuild.exe]
Build started 19.11.2015. 12:34:24.
Project &quot;C:\Users\Oskars\Documents\Visual Studio 2013\Projects\Clusterpoint API\Doc\Help\Working\GenerateRefInfo.proj&quot; on node 1 (default targets).
PrepareForBuild:
  Creating directory &quot;obj\Debug\&quot;.
GenerateRefInfo:
  MRefBuilder (v2015.1.12.0)
  Copyright &#216; 2006-2015, Microsoft Corporation, All Rights Reserved.
  Portions Copyright &#216; 2006-2014, Eric Woodruff, All Rights Reserved.
  Loaded 1 assemblies for reflection and 0 dependency assemblies.
  Wrote information on 1 namespaces, 56 types, and 275 members
  Copying file from &quot;reflection.org&quot; to &quot;reflection.all&quot;.
  XslTransform (v2015.1.12.0)
  Copyright &#216; 2006-2015, Microsoft Corporation, All Rights Reserved.
  Portions Copyright &#216; 2006-2014, Eric Woodruff, All Rights Reserved.
  Applying XSL transformation &#39;C:\Program Files (x86)\EWSoftware\Sandcastle Help File Builder\ProductionTransforms\MergeDuplicates.xsl&#39;.
Done Building Project &quot;C:\Users\Oskars\Documents\Visual Studio 2013\Projects\Clusterpoint API\Doc\Help\Working\GenerateRefInfo.proj&quot; (default targets).

Build succeeded.

Time Elapsed 00:00:00.82
    Last step completed in 00:00:00,9593
</buildStep>
<buildStep step="TransformReflectionInfo">
Transforming reflection output...
[C:\Windows\Microsoft.NET\Framework64\v4.0.30319\MSBuild.exe]
Build started 19.11.2015. 12:34:25.
Project &quot;C:\Users\Oskars\Documents\Visual Studio 2013\Projects\Clusterpoint API\Doc\Help\Working\TransformManifest.proj&quot; on node 1 (default targets).
TransformManifest:
  XslTransform (v2015.1.12.0)
  Copyright &#216; 2006-2015, Microsoft Corporation, All Rights Reserved.
  Portions Copyright &#216; 2006-2014, Eric Woodruff, All Rights Reserved.
  Applying XSL transformation &#39;C:\Program Files (x86)\EWSoftware\Sandcastle Help File Builder\\ProductionTransforms\ApplyVSDocModel.xsl&#39;.
  Copying file from &quot;reflection.xml&quot; to &quot;reflection.nofilenames&quot;.
  XslTransform (v2015.1.12.0)
  Copyright &#216; 2006-2015, Microsoft Corporation, All Rights Reserved.
  Portions Copyright &#216; 2006-2014, Eric Woodruff, All Rights Reserved.
  Applying XSL transformation &#39;C:\Program Files (x86)\EWSoftware\Sandcastle Help File Builder\ProductionTransforms\AddFilenames.xsl&#39;.
  XslTransform (v2015.1.12.0)
  Copyright &#216; 2006-2015, Microsoft Corporation, All Rights Reserved.
  Portions Copyright &#216; 2006-2014, Eric Woodruff, All Rights Reserved.
  Applying XSL transformation &#39;C:\Program Files (x86)\EWSoftware\Sandcastle Help File Builder\ProductionTransforms\ReflectionToManifest.xsl&#39;.
Done Building Project &quot;C:\Users\Oskars\Documents\Visual Studio 2013\Projects\Clusterpoint API\Doc\Help\Working\TransformManifest.proj&quot; (default targets).

Build succeeded.

Time Elapsed 00:00:00.68
    Last step completed in 00:00:00,8252
</buildStep>
<buildStep step="GenerateNamespaceSummaries">
Generating namespace summary information...
    Last step completed in 00:00:00,0420
</buildStep>
<buildStep step="CopyAdditionalContent">
Copying additional content files...
No additional content to copy
    Last step completed in 00:00:00,0090
</buildStep>
<buildStep step="MergeTablesOfContents">
Merging conceptual and additional tables of contents...
    Last step completed in 00:00:00,0030
</buildStep>
<buildStep step="GenerateIntermediateTableOfContents">
Generating intermediate table of contents file...
[C:\Windows\Microsoft.NET\Framework64\v4.0.30319\MSBuild.exe]
Build started 19.11.2015. 12:34:26.
Project &quot;C:\Users\Oskars\Documents\Visual Studio 2013\Projects\Clusterpoint API\Doc\Help\Working\GenerateIntermediateTOC.proj&quot; on node 1 (default targets).
GenerateIntermediateTOC:
  XslTransform (v2015.1.12.0)
  Copyright &#216; 2006-2015, Microsoft Corporation, All Rights Reserved.
  Portions Copyright &#216; 2006-2014, Eric Woodruff, All Rights Reserved.
  Applying XSL transformation &#39;C:\Program Files (x86)\EWSoftware\Sandcastle Help File Builder\\ProductionTransforms\CreateVSToc.xsl&#39;.
Done Building Project &quot;C:\Users\Oskars\Documents\Visual Studio 2013\Projects\Clusterpoint API\Doc\Help\Working\GenerateIntermediateTOC.proj&quot; (default targets).

Build succeeded.

Time Elapsed 00:00:00.14
Generating conceptual content intermediate TOC file...
    Last step completed in 00:00:00,2895
</buildStep>
<buildStep step="CreateBuildAssemblerConfigs">
Creating Sandcastle configuration files...
    sandcastle.config
    Last step completed in 00:00:00,1391
</buildStep>
<buildStep step="MergeCustomConfigs">
Merging custom build component configurations
C:\Users\Oskars\Documents\Visual Studio 2013\Projects\Clusterpoint API\Doc\Help\Working\sandcastle.config
    Last step completed in 00:00:00,0290
</buildStep>
<buildStep step="BuildReferenceTopics">
Building reference help topics...
[C:\Windows\Microsoft.NET\Framework64\v4.0.30319\MSBuild.exe]
Build started 19.11.2015. 12:34:26.
Project &quot;C:\Users\Oskars\Documents\Visual Studio 2013\Projects\Clusterpoint API\Doc\Help\Working\BuildReferenceTopics.proj&quot; on node 1 (default targets).
BuildReferenceTopics:
  BuildAssembler (v2015.1.12.0)
  Copyright &#216; 2006-2015, Microsoft Corporation, All Rights Reserved.
  Portions Copyright &#216; 2006-2014, Eric Woodruff, All Rights Reserved.
  Loading configuration...
  Processing topics...
BuildAssembler : warning : ShowMissingComponent: [M:CPS.CPS_Connection.getDocumentIdXpath(System.Int32)] Missing &lt;param name=&quot;fallback&quot;/&gt; documentation [C:\Users\Oskars\Documents\Visual Studio 2013\Projects\Clusterpoint API\Doc\Help\Working\BuildReferenceTopics.proj]
  Processed 438 topic(s)
  1 warning(s)
  CopyFromIndexComponent: &quot;reflection&quot; in-memory cache entries used: 7 of 15.
  CopyFromIndexComponent: &quot;comments&quot; in-memory cache entries used: 1 of 30.
Done Building Project &quot;C:\Users\Oskars\Documents\Visual Studio 2013\Projects\Clusterpoint API\Doc\Help\Working\BuildReferenceTopics.proj&quot; (default targets).

Build succeeded.

Time Elapsed 00:00:06.04
    Last step completed in 00:00:06,1906
</buildStep>
<buildStep step="CombiningIntermediateTocFiles">
Combining conceptual and API intermediate TOC files...

Clearing any prior web output
    Last step completed in 00:00:00,0080
</buildStep>
<buildStep step="ExtractingHtmlInfo">
Extracting HTML info for HTML Help 1 and/or website...
[C:\Windows\Microsoft.NET\Framework64\v4.0.30319\MSBuild.exe]
Sandcastle Help File Builder, version 2015.1.12.0
Copyright &#216; 2006-2015, Eric Woodruff, All Rights Reserved
E-Mail: Eric@EWoodruff.us

Using LCID &#39;1033&#39;, code page &#39;65001&#39;, encoding charset &#39;UTF-8&#39;.

Processing Help 1 files in C:\Users\Oskars\Documents\Visual Studio 2013\Projects\Clusterpoint API\Doc\Help\Working\Output\HtmlHelp1
Processed 438 HTML files
Sorting keywords and generating See Also indices
Saving HTML Help 1 keyword index to C:\Users\Oskars\Documents\Visual Studio 2013\Projects\Clusterpoint API\Doc\Help\Working\Documentation.hhk
Saving HTML Help 1 table of contents to C:\Users\Oskars\Documents\Visual Studio 2013\Projects\Clusterpoint API\Doc\Help\Working\Documentation.hhc

Processing website files in C:\Users\Oskars\Documents\Visual Studio 2013\Projects\Clusterpoint API\Doc\Help\Working\Output\Website
Processed 438 HTML files
Sorting keywords and generating See Also indices
Saving website keyword index to C:\Users\Oskars\Documents\Visual Studio 2013\Projects\Clusterpoint API\Doc\Help\Working\WebKI.xml
Saving website table of contents to C:\Users\Oskars\Documents\Visual Studio 2013\Projects\Clusterpoint API\Doc\Help\Working\WebTOC.xml
    Last step completed in 00:00:00,6555
</buildStep>
<buildStep step="CopyStandardHelpContent">
Copying standard help content...
C:\Program Files (x86)\EWSoftware\Sandcastle Help File Builder\PresentationStyles\VS2010\icons\alert_caution.gif -&gt; C:\Users\Oskars\Documents\Visual Studio 2013\Projects\Clusterpoint API\Doc\Help\Working\Output\HtmlHelp1\icons\alert_caution.gif
C:\Program Files (x86)\EWSoftware\Sandcastle Help File Builder\PresentationStyles\VS2010\icons\alert_note.gif -&gt; C:\Users\Oskars\Documents\Visual Studio 2013\Projects\Clusterpoint API\Doc\Help\Working\Output\HtmlHelp1\icons\alert_note.gif
C:\Program Files (x86)\EWSoftware\Sandcastle Help File Builder\PresentationStyles\VS2010\icons\alert_security.gif -&gt; C:\Users\Oskars\Documents\Visual Studio 2013\Projects\Clusterpoint API\Doc\Help\Working\Output\HtmlHelp1\icons\alert_security.gif
C:\Program Files (x86)\EWSoftware\Sandcastle Help File Builder\PresentationStyles\VS2010\icons\CFW.gif -&gt; C:\Users\Oskars\Documents\Visual Studio 2013\Projects\Clusterpoint API\Doc\Help\Working\Output\HtmlHelp1\icons\CFW.gif
C:\Program Files (x86)\EWSoftware\Sandcastle Help File Builder\PresentationStyles\VS2010\icons\CodeExample.png -&gt; C:\Users\Oskars\Documents\Visual Studio 2013\Projects\Clusterpoint API\Doc\Help\Working\Output\HtmlHelp1\icons\CodeExample.png
C:\Program Files (x86)\EWSoftware\Sandcastle Help File Builder\PresentationStyles\VS2010\icons\favicon.ico -&gt; C:\Users\Oskars\Documents\Visual Studio 2013\Projects\Clusterpoint API\Doc\Help\Working\Output\HtmlHelp1\icons\favicon.ico
C:\Program Files (x86)\EWSoftware\Sandcastle Help File Builder\PresentationStyles\VS2010\icons\footer_slice.gif -&gt; C:\Users\Oskars\Documents\Visual Studio 2013\Projects\Clusterpoint API\Doc\Help\Working\Output\HtmlHelp1\icons\footer_slice.gif
C:\Program Files (x86)\EWSoftware\Sandcastle Help File Builder\PresentationStyles\VS2010\icons\privclass.gif -&gt; C:\Users\Oskars\Documents\Visual Studio 2013\Projects\Clusterpoint API\Doc\Help\Working\Output\HtmlHelp1\icons\privclass.gif
C:\Program Files (x86)\EWSoftware\Sandcastle Help File Builder\PresentationStyles\VS2010\icons\privdelegate.gif -&gt; C:\Users\Oskars\Documents\Visual Studio 2013\Projects\Clusterpoint API\Doc\Help\Working\Output\HtmlHelp1\icons\privdelegate.gif
C:\Program Files (x86)\EWSoftware\Sandcastle Help File Builder\PresentationStyles\VS2010\icons\privenumeration.gif -&gt; C:\Users\Oskars\Documents\Visual Studio 2013\Projects\Clusterpoint API\Doc\Help\Working\Output\HtmlHelp1\icons\privenumeration.gif
C:\Program Files (x86)\EWSoftware\Sandcastle Help File Builder\PresentationStyles\VS2010\icons\privevent.gif -&gt; C:\Users\Oskars\Documents\Visual Studio 2013\Projects\Clusterpoint API\Doc\Help\Working\Output\HtmlHelp1\icons\privevent.gif
C:\Program Files (x86)\EWSoftware\Sandcastle Help File Builder\PresentationStyles\VS2010\icons\privextension.gif -&gt; C:\Users\Oskars\Documents\Visual Studio 2013\Projects\Clusterpoint API\Doc\Help\Working\Output\HtmlHelp1\icons\privextension.gif
C:\Program Files (x86)\EWSoftware\Sandcastle Help File Builder\PresentationStyles\VS2010\icons\privfield.gif -&gt; C:\Users\Oskars\Documents\Visual Studio 2013\Projects\Clusterpoint API\Doc\Help\Working\Output\HtmlHelp1\icons\privfield.gif
C:\Program Files (x86)\EWSoftware\Sandcastle Help File Builder\PresentationStyles\VS2010\icons\privinterface.gif -&gt; C:\Users\Oskars\Documents\Visual Studio 2013\Projects\Clusterpoint API\Doc\Help\Working\Output\HtmlHelp1\icons\privinterface.gif
C:\Program Files (x86)\EWSoftware\Sandcastle Help File Builder\PresentationStyles\VS2010\icons\privmethod.gif -&gt; C:\Users\Oskars\Documents\Visual Studio 2013\Projects\Clusterpoint API\Doc\Help\Working\Output\HtmlHelp1\icons\privmethod.gif
C:\Program Files (x86)\EWSoftware\Sandcastle Help File Builder\PresentationStyles\VS2010\icons\privproperty.gif -&gt; C:\Users\Oskars\Documents\Visual Studio 2013\Projects\Clusterpoint API\Doc\Help\Working\Output\HtmlHelp1\icons\privproperty.gif
C:\Program Files (x86)\EWSoftware\Sandcastle Help File Builder\PresentationStyles\VS2010\icons\privstructure.gif -&gt; C:\Users\Oskars\Documents\Visual Studio 2013\Projects\Clusterpoint API\Doc\Help\Working\Output\HtmlHelp1\icons\privstructure.gif
C:\Program Files (x86)\EWSoftware\Sandcastle Help File Builder\PresentationStyles\VS2010\icons\protclass.gif -&gt; C:\Users\Oskars\Documents\Visual Studio 2013\Projects\Clusterpoint API\Doc\Help\Working\Output\HtmlHelp1\icons\protclass.gif
C:\Program Files (x86)\EWSoftware\Sandcastle Help File Builder\PresentationStyles\VS2010\icons\protdelegate.gif -&gt; C:\Users\Oskars\Documents\Visual Studio 2013\Projects\Clusterpoint API\Doc\Help\Working\Output\HtmlHelp1\icons\protdelegate.gif
C:\Program Files (x86)\EWSoftware\Sandcastle Help File Builder\PresentationStyles\VS2010\icons\protenumeration.gif -&gt; C:\Users\Oskars\Documents\Visual Studio 2013\Projects\Clusterpoint API\Doc\Help\Working\Output\HtmlHelp1\icons\protenumeration.gif
C:\Program Files (x86)\EWSoftware\Sandcastle Help File Builder\PresentationStyles\VS2010\icons\protevent.gif -&gt; C:\Users\Oskars\Documents\Visual Studio 2013\Projects\Clusterpoint API\Doc\Help\Working\Output\HtmlHelp1\icons\protevent.gif
C:\Program Files (x86)\EWSoftware\Sandcastle Help File Builder\PresentationStyles\VS2010\icons\protextension.gif -&gt; C:\Users\Oskars\Documents\Visual Studio 2013\Projects\Clusterpoint API\Doc\Help\Working\Output\HtmlHelp1\icons\protextension.gif
C:\Program Files (x86)\EWSoftware\Sandcastle Help File Builder\PresentationStyles\VS2010\icons\protfield.gif -&gt; C:\Users\Oskars\Documents\Visual Studio 2013\Projects\Clusterpoint API\Doc\Help\Working\Output\HtmlHelp1\icons\protfield.gif
C:\Program Files (x86)\EWSoftware\Sandcastle Help File Builder\PresentationStyles\VS2010\icons\protinterface.gif -&gt; C:\Users\Oskars\Documents\Visual Studio 2013\Projects\Clusterpoint API\Doc\Help\Working\Output\HtmlHelp1\icons\protinterface.gif
C:\Program Files (x86)\EWSoftware\Sandcastle Help File Builder\PresentationStyles\VS2010\icons\protmethod.gif -&gt; C:\Users\Oskars\Documents\Visual Studio 2013\Projects\Clusterpoint API\Doc\Help\Working\Output\HtmlHelp1\icons\protmethod.gif
C:\Program Files (x86)\EWSoftware\Sandcastle Help File Builder\PresentationStyles\VS2010\icons\protoperator.gif -&gt; C:\Users\Oskars\Documents\Visual Studio 2013\Projects\Clusterpoint API\Doc\Help\Working\Output\HtmlHelp1\icons\protoperator.gif
C:\Program Files (x86)\EWSoftware\Sandcastle Help File Builder\PresentationStyles\VS2010\icons\protproperty.gif -&gt; C:\Users\Oskars\Documents\Visual Studio 2013\Projects\Clusterpoint API\Doc\Help\Working\Output\HtmlHelp1\icons\protproperty.gif
C:\Program Files (x86)\EWSoftware\Sandcastle Help File Builder\PresentationStyles\VS2010\icons\protstructure.gif -&gt; C:\Users\Oskars\Documents\Visual Studio 2013\Projects\Clusterpoint API\Doc\Help\Working\Output\HtmlHelp1\icons\protstructure.gif
C:\Program Files (x86)\EWSoftware\Sandcastle Help File Builder\PresentationStyles\VS2010\icons\pubclass.gif -&gt; C:\Users\Oskars\Documents\Visual Studio 2013\Projects\Clusterpoint API\Doc\Help\Working\Output\HtmlHelp1\icons\pubclass.gif
C:\Program Files (x86)\EWSoftware\Sandcastle Help File Builder\PresentationStyles\VS2010\icons\pubdelegate.gif -&gt; C:\Users\Oskars\Documents\Visual Studio 2013\Projects\Clusterpoint API\Doc\Help\Working\Output\HtmlHelp1\icons\pubdelegate.gif
C:\Program Files (x86)\EWSoftware\Sandcastle Help File Builder\PresentationStyles\VS2010\icons\pubenumeration.gif -&gt; C:\Users\Oskars\Documents\Visual Studio 2013\Projects\Clusterpoint API\Doc\Help\Working\Output\HtmlHelp1\icons\pubenumeration.gif
C:\Program Files (x86)\EWSoftware\Sandcastle Help File Builder\PresentationStyles\VS2010\icons\pubevent.gif -&gt; C:\Users\Oskars\Documents\Visual Studio 2013\Projects\Clusterpoint API\Doc\Help\Working\Output\HtmlHelp1\icons\pubevent.gif
C:\Program Files (x86)\EWSoftware\Sandcastle Help File Builder\PresentationStyles\VS2010\icons\pubextension.gif -&gt; C:\Users\Oskars\Documents\Visual Studio 2013\Projects\Clusterpoint API\Doc\Help\Working\Output\HtmlHelp1\icons\pubextension.gif
C:\Program Files (x86)\EWSoftware\Sandcastle Help File Builder\PresentationStyles\VS2010\icons\pubfield.gif -&gt; C:\Users\Oskars\Documents\Visual Studio 2013\Projects\Clusterpoint API\Doc\Help\Working\Output\HtmlHelp1\icons\pubfield.gif
C:\Program Files (x86)\EWSoftware\Sandcastle Help File Builder\PresentationStyles\VS2010\icons\pubinterface.gif -&gt; C:\Users\Oskars\Documents\Visual Studio 2013\Projects\Clusterpoint API\Doc\Help\Working\Output\HtmlHelp1\icons\pubinterface.gif
C:\Program Files (x86)\EWSoftware\Sandcastle Help File Builder\PresentationStyles\VS2010\icons\pubmethod.gif -&gt; C:\Users\Oskars\Documents\Visual Studio 2013\Projects\Clusterpoint API\Doc\Help\Working\Output\HtmlHelp1\icons\pubmethod.gif
C:\Program Files (x86)\EWSoftware\Sandcastle Help File Builder\PresentationStyles\VS2010\icons\puboperator.gif -&gt; C:\Users\Oskars\Documents\Visual Studio 2013\Projects\Clusterpoint API\Doc\Help\Working\Output\HtmlHelp1\icons\puboperator.gif
C:\Program Files (x86)\EWSoftware\Sandcastle Help File Builder\PresentationStyles\VS2010\icons\pubproperty.gif -&gt; C:\Users\Oskars\Documents\Visual Studio 2013\Projects\Clusterpoint API\Doc\Help\Working\Output\HtmlHelp1\icons\pubproperty.gif
C:\Program Files (x86)\EWSoftware\Sandcastle Help File Builder\PresentationStyles\VS2010\icons\pubstructure.gif -&gt; C:\Users\Oskars\Documents\Visual Studio 2013\Projects\Clusterpoint API\Doc\Help\Working\Output\HtmlHelp1\icons\pubstructure.gif
C:\Program Files (x86)\EWSoftware\Sandcastle Help File Builder\PresentationStyles\VS2010\icons\slMobile.gif -&gt; C:\Users\Oskars\Documents\Visual Studio 2013\Projects\Clusterpoint API\Doc\Help\Working\Output\HtmlHelp1\icons\slMobile.gif
C:\Program Files (x86)\EWSoftware\Sandcastle Help File Builder\PresentationStyles\VS2010\icons\static.gif -&gt; C:\Users\Oskars\Documents\Visual Studio 2013\Projects\Clusterpoint API\Doc\Help\Working\Output\HtmlHelp1\icons\static.gif
C:\Program Files (x86)\EWSoftware\Sandcastle Help File Builder\PresentationStyles\VS2010\icons\tabLeftBG.gif -&gt; C:\Users\Oskars\Documents\Visual Studio 2013\Projects\Clusterpoint API\Doc\Help\Working\Output\HtmlHelp1\icons\tabLeftBG.gif
C:\Program Files (x86)\EWSoftware\Sandcastle Help File Builder\PresentationStyles\VS2010\icons\tabRightBG.gif -&gt; C:\Users\Oskars\Documents\Visual Studio 2013\Projects\Clusterpoint API\Doc\Help\Working\Output\HtmlHelp1\icons\tabRightBG.gif
C:\Program Files (x86)\EWSoftware\Sandcastle Help File Builder\PresentationStyles\VS2010\icons\xna.gif -&gt; C:\Users\Oskars\Documents\Visual Studio 2013\Projects\Clusterpoint API\Doc\Help\Working\Output\HtmlHelp1\icons\xna.gif
C:\Program Files (x86)\EWSoftware\Sandcastle Help File Builder\PresentationStyles\VS2010\scripts\branding.js -&gt; C:\Users\Oskars\Documents\Visual Studio 2013\Projects\Clusterpoint API\Doc\Help\Working\Output\HtmlHelp1\scripts\branding.js
C:\Program Files (x86)\EWSoftware\Sandcastle Help File Builder\PresentationStyles\VS2010\styles\branding-cs-CZ.css -&gt; C:\Users\Oskars\Documents\Visual Studio 2013\Projects\Clusterpoint API\Doc\Help\Working\Output\HtmlHelp1\styles\branding-cs-CZ.css
C:\Program Files (x86)\EWSoftware\Sandcastle Help File Builder\PresentationStyles\VS2010\styles\branding-de-DE.css -&gt; C:\Users\Oskars\Documents\Visual Studio 2013\Projects\Clusterpoint API\Doc\Help\Working\Output\HtmlHelp1\styles\branding-de-DE.css
C:\Program Files (x86)\EWSoftware\Sandcastle Help File Builder\PresentationStyles\VS2010\styles\branding-en-US.css -&gt; C:\Users\Oskars\Documents\Visual Studio 2013\Projects\Clusterpoint API\Doc\Help\Working\Output\HtmlHelp1\styles\branding-en-US.css
C:\Program Files (x86)\EWSoftware\Sandcastle Help File Builder\PresentationStyles\VS2010\styles\branding-es-ES.css -&gt; C:\Users\Oskars\Documents\Visual Studio 2013\Projects\Clusterpoint API\Doc\Help\Working\Output\HtmlHelp1\styles\branding-es-ES.css
C:\Program Files (x86)\EWSoftware\Sandcastle Help File Builder\PresentationStyles\VS2010\styles\branding-fr-FR.css -&gt; C:\Users\Oskars\Documents\Visual Studio 2013\Projects\Clusterpoint API\Doc\Help\Working\Output\HtmlHelp1\styles\branding-fr-FR.css
C:\Program Files (x86)\EWSoftware\Sandcastle Help File Builder\PresentationStyles\VS2010\styles\branding-Help1.css -&gt; C:\Users\Oskars\Documents\Visual Studio 2013\Projects\Clusterpoint API\Doc\Help\Working\Output\HtmlHelp1\styles\branding-Help1.css
C:\Program Files (x86)\EWSoftware\Sandcastle Help File Builder\PresentationStyles\VS2010\styles\branding-Help2.css -&gt; C:\Users\Oskars\Documents\Visual Studio 2013\Projects\Clusterpoint API\Doc\Help\Working\Output\HtmlHelp1\styles\branding-Help2.css
C:\Program Files (x86)\EWSoftware\Sandcastle Help File Builder\PresentationStyles\VS2010\styles\branding-HelpViewer.css -&gt; C:\Users\Oskars\Documents\Visual Studio 2013\Projects\Clusterpoint API\Doc\Help\Working\Output\HtmlHelp1\styles\branding-HelpViewer.css
C:\Program Files (x86)\EWSoftware\Sandcastle Help File Builder\PresentationStyles\VS2010\styles\branding-it-IT.css -&gt; C:\Users\Oskars\Documents\Visual Studio 2013\Projects\Clusterpoint API\Doc\Help\Working\Output\HtmlHelp1\styles\branding-it-IT.css
C:\Program Files (x86)\EWSoftware\Sandcastle Help File Builder\PresentationStyles\VS2010\styles\branding-ja-JP.css -&gt; C:\Users\Oskars\Documents\Visual Studio 2013\Projects\Clusterpoint API\Doc\Help\Working\Output\HtmlHelp1\styles\branding-ja-JP.css
C:\Program Files (x86)\EWSoftware\Sandcastle Help File Builder\PresentationStyles\VS2010\styles\branding-ko-KR.css -&gt; C:\Users\Oskars\Documents\Visual Studio 2013\Projects\Clusterpoint API\Doc\Help\Working\Output\HtmlHelp1\styles\branding-ko-KR.css
C:\Program Files (x86)\EWSoftware\Sandcastle Help File Builder\PresentationStyles\VS2010\styles\branding-pl-PL.css -&gt; C:\Users\Oskars\Documents\Visual Studio 2013\Projects\Clusterpoint API\Doc\Help\Working\Output\HtmlHelp1\styles\branding-pl-PL.css
C:\Program Files (x86)\EWSoftware\Sandcastle Help File Builder\PresentationStyles\VS2010\styles\branding-pt-BR.css -&gt; C:\Users\Oskars\Documents\Visual Studio 2013\Projects\Clusterpoint API\Doc\Help\Working\Output\HtmlHelp1\styles\branding-pt-BR.css
C:\Program Files (x86)\EWSoftware\Sandcastle Help File Builder\PresentationStyles\VS2010\styles\branding-ru-RU.css -&gt; C:\Users\Oskars\Documents\Visual Studio 2013\Projects\Clusterpoint API\Doc\Help\Working\Output\HtmlHelp1\styles\branding-ru-RU.css
C:\Program Files (x86)\EWSoftware\Sandcastle Help File Builder\PresentationStyles\VS2010\styles\branding-tr-TR.css -&gt; C:\Users\Oskars\Documents\Visual Studio 2013\Projects\Clusterpoint API\Doc\Help\Working\Output\HtmlHelp1\styles\branding-tr-TR.css
C:\Program Files (x86)\EWSoftware\Sandcastle Help File Builder\PresentationStyles\VS2010\styles\branding-zh-CN.css -&gt; C:\Users\Oskars\Documents\Visual Studio 2013\Projects\Clusterpoint API\Doc\Help\Working\Output\HtmlHelp1\styles\branding-zh-CN.css
C:\Program Files (x86)\EWSoftware\Sandcastle Help File Builder\PresentationStyles\VS2010\styles\branding-zh-TW.css -&gt; C:\Users\Oskars\Documents\Visual Studio 2013\Projects\Clusterpoint API\Doc\Help\Working\Output\HtmlHelp1\styles\branding-zh-TW.css
C:\Program Files (x86)\EWSoftware\Sandcastle Help File Builder\PresentationStyles\VS2010\styles\branding.css -&gt; C:\Users\Oskars\Documents\Visual Studio 2013\Projects\Clusterpoint API\Doc\Help\Working\Output\HtmlHelp1\styles\branding.css
C:\Program Files (x86)\EWSoftware\Sandcastle Help File Builder\PresentationStyles\VS2010\icons\alert_caution.gif -&gt; C:\Users\Oskars\Documents\Visual Studio 2013\Projects\Clusterpoint API\Doc\Help\Working\Output\Website\icons\alert_caution.gif
C:\Program Files (x86)\EWSoftware\Sandcastle Help File Builder\PresentationStyles\VS2010\icons\alert_note.gif -&gt; C:\Users\Oskars\Documents\Visual Studio 2013\Projects\Clusterpoint API\Doc\Help\Working\Output\Website\icons\alert_note.gif
C:\Program Files (x86)\EWSoftware\Sandcastle Help File Builder\PresentationStyles\VS2010\icons\alert_security.gif -&gt; C:\Users\Oskars\Documents\Visual Studio 2013\Projects\Clusterpoint API\Doc\Help\Working\Output\Website\icons\alert_security.gif
C:\Program Files (x86)\EWSoftware\Sandcastle Help File Builder\PresentationStyles\VS2010\icons\CFW.gif -&gt; C:\Users\Oskars\Documents\Visual Studio 2013\Projects\Clusterpoint API\Doc\Help\Working\Output\Website\icons\CFW.gif
C:\Program Files (x86)\EWSoftware\Sandcastle Help File Builder\PresentationStyles\VS2010\icons\CodeExample.png -&gt; C:\Users\Oskars\Documents\Visual Studio 2013\Projects\Clusterpoint API\Doc\Help\Working\Output\Website\icons\CodeExample.png
C:\Program Files (x86)\EWSoftware\Sandcastle Help File Builder\PresentationStyles\VS2010\icons\favicon.ico -&gt; C:\Users\Oskars\Documents\Visual Studio 2013\Projects\Clusterpoint API\Doc\Help\Working\Output\Website\icons\favicon.ico
C:\Program Files (x86)\EWSoftware\Sandcastle Help File Builder\PresentationStyles\VS2010\icons\footer_slice.gif -&gt; C:\Users\Oskars\Documents\Visual Studio 2013\Projects\Clusterpoint API\Doc\Help\Working\Output\Website\icons\footer_slice.gif
C:\Program Files (x86)\EWSoftware\Sandcastle Help File Builder\PresentationStyles\VS2010\icons\privclass.gif -&gt; C:\Users\Oskars\Documents\Visual Studio 2013\Projects\Clusterpoint API\Doc\Help\Working\Output\Website\icons\privclass.gif
C:\Program Files (x86)\EWSoftware\Sandcastle Help File Builder\PresentationStyles\VS2010\icons\privdelegate.gif -&gt; C:\Users\Oskars\Documents\Visual Studio 2013\Projects\Clusterpoint API\Doc\Help\Working\Output\Website\icons\privdelegate.gif
C:\Program Files (x86)\EWSoftware\Sandcastle Help File Builder\PresentationStyles\VS2010\icons\privenumeration.gif -&gt; C:\Users\Oskars\Documents\Visual Studio 2013\Projects\Clusterpoint API\Doc\Help\Working\Output\Website\icons\privenumeration.gif
C:\Program Files (x86)\EWSoftware\Sandcastle Help File Builder\PresentationStyles\VS2010\icons\privevent.gif -&gt; C:\Users\Oskars\Documents\Visual Studio 2013\Projects\Clusterpoint API\Doc\Help\Working\Output\Website\icons\privevent.gif
C:\Program Files (x86)\EWSoftware\Sandcastle Help File Builder\PresentationStyles\VS2010\icons\privextension.gif -&gt; C:\Users\Oskars\Documents\Visual Studio 2013\Projects\Clusterpoint API\Doc\Help\Working\Output\Website\icons\privextension.gif
C:\Program Files (x86)\EWSoftware\Sandcastle Help File Builder\PresentationStyles\VS2010\icons\privfield.gif -&gt; C:\Users\Oskars\Documents\Visual Studio 2013\Projects\Clusterpoint API\Doc\Help\Working\Output\Website\icons\privfield.gif
C:\Program Files (x86)\EWSoftware\Sandcastle Help File Builder\PresentationStyles\VS2010\icons\privinterface.gif -&gt; C:\Users\Oskars\Documents\Visual Studio 2013\Projects\Clusterpoint API\Doc\Help\Working\Output\Website\icons\privinterface.gif
C:\Program Files (x86)\EWSoftware\Sandcastle Help File Builder\PresentationStyles\VS2010\icons\privmethod.gif -&gt; C:\Users\Oskars\Documents\Visual Studio 2013\Projects\Clusterpoint API\Doc\Help\Working\Output\Website\icons\privmethod.gif
C:\Program Files (x86)\EWSoftware\Sandcastle Help File Builder\PresentationStyles\VS2010\icons\privproperty.gif -&gt; C:\Users\Oskars\Documents\Visual Studio 2013\Projects\Clusterpoint API\Doc\Help\Working\Output\Website\icons\privproperty.gif
C:\Program Files (x86)\EWSoftware\Sandcastle Help File Builder\PresentationStyles\VS2010\icons\privstructure.gif -&gt; C:\Users\Oskars\Documents\Visual Studio 2013\Projects\Clusterpoint API\Doc\Help\Working\Output\Website\icons\privstructure.gif
C:\Program Files (x86)\EWSoftware\Sandcastle Help File Builder\PresentationStyles\VS2010\icons\protclass.gif -&gt; C:\Users\Oskars\Documents\Visual Studio 2013\Projects\Clusterpoint API\Doc\Help\Working\Output\Website\icons\protclass.gif
C:\Program Files (x86)\EWSoftware\Sandcastle Help File Builder\PresentationStyles\VS2010\icons\protdelegate.gif -&gt; C:\Users\Oskars\Documents\Visual Studio 2013\Projects\Clusterpoint API\Doc\Help\Working\Output\Website\icons\protdelegate.gif
C:\Program Files (x86)\EWSoftware\Sandcastle Help File Builder\PresentationStyles\VS2010\icons\protenumeration.gif -&gt; C:\Users\Oskars\Documents\Visual Studio 2013\Projects\Clusterpoint API\Doc\Help\Working\Output\Website\icons\protenumeration.gif
C:\Program Files (x86)\EWSoftware\Sandcastle Help File Builder\PresentationStyles\VS2010\icons\protevent.gif -&gt; C:\Users\Oskars\Documents\Visual Studio 2013\Projects\Clusterpoint API\Doc\Help\Working\Output\Website\icons\protevent.gif
C:\Program Files (x86)\EWSoftware\Sandcastle Help File Builder\PresentationStyles\VS2010\icons\protextension.gif -&gt; C:\Users\Oskars\Documents\Visual Studio 2013\Projects\Clusterpoint API\Doc\Help\Working\Output\Website\icons\protextension.gif
C:\Program Files (x86)\EWSoftware\Sandcastle Help File Builder\PresentationStyles\VS2010\icons\protfield.gif -&gt; C:\Users\Oskars\Documents\Visual Studio 2013\Projects\Clusterpoint API\Doc\Help\Working\Output\Website\icons\protfield.gif
C:\Program Files (x86)\EWSoftware\Sandcastle Help File Builder\PresentationStyles\VS2010\icons\protinterface.gif -&gt; C:\Users\Oskars\Documents\Visual Studio 2013\Projects\Clusterpoint API\Doc\Help\Working\Output\Website\icons\protinterface.gif
C:\Program Files (x86)\EWSoftware\Sandcastle Help File Builder\PresentationStyles\VS2010\icons\protmethod.gif -&gt; C:\Users\Oskars\Documents\Visual Studio 2013\Projects\Clusterpoint API\Doc\Help\Working\Output\Website\icons\protmethod.gif
C:\Program Files (x86)\EWSoftware\Sandcastle Help File Builder\PresentationStyles\VS2010\icons\protoperator.gif -&gt; C:\Users\Oskars\Documents\Visual Studio 2013\Projects\Clusterpoint API\Doc\Help\Working\Output\Website\icons\protoperator.gif
C:\Program Files (x86)\EWSoftware\Sandcastle Help File Builder\PresentationStyles\VS2010\icons\protproperty.gif -&gt; C:\Users\Oskars\Documents\Visual Studio 2013\Projects\Clusterpoint API\Doc\Help\Working\Output\Website\icons\protproperty.gif
C:\Program Files (x86)\EWSoftware\Sandcastle Help File Builder\PresentationStyles\VS2010\icons\protstructure.gif -&gt; C:\Users\Oskars\Documents\Visual Studio 2013\Projects\Clusterpoint API\Doc\Help\Working\Output\Website\icons\protstructure.gif
C:\Program Files (x86)\EWSoftware\Sandcastle Help File Builder\PresentationStyles\VS2010\icons\pubclass.gif -&gt; C:\Users\Oskars\Documents\Visual Studio 2013\Projects\Clusterpoint API\Doc\Help\Working\Output\Website\icons\pubclass.gif
C:\Program Files (x86)\EWSoftware\Sandcastle Help File Builder\PresentationStyles\VS2010\icons\pubdelegate.gif -&gt; C:\Users\Oskars\Documents\Visual Studio 2013\Projects\Clusterpoint API\Doc\Help\Working\Output\Website\icons\pubdelegate.gif
C:\Program Files (x86)\EWSoftware\Sandcastle Help File Builder\PresentationStyles\VS2010\icons\pubenumeration.gif -&gt; C:\Users\Oskars\Documents\Visual Studio 2013\Projects\Clusterpoint API\Doc\Help\Working\Output\Website\icons\pubenumeration.gif
C:\Program Files (x86)\EWSoftware\Sandcastle Help File Builder\PresentationStyles\VS2010\icons\pubevent.gif -&gt; C:\Users\Oskars\Documents\Visual Studio 2013\Projects\Clusterpoint API\Doc\Help\Working\Output\Website\icons\pubevent.gif
C:\Program Files (x86)\EWSoftware\Sandcastle Help File Builder\PresentationStyles\VS2010\icons\pubextension.gif -&gt; C:\Users\Oskars\Documents\Visual Studio 2013\Projects\Clusterpoint API\Doc\Help\Working\Output\Website\icons\pubextension.gif
C:\Program Files (x86)\EWSoftware\Sandcastle Help File Builder\PresentationStyles\VS2010\icons\pubfield.gif -&gt; C:\Users\Oskars\Documents\Visual Studio 2013\Projects\Clusterpoint API\Doc\Help\Working\Output\Website\icons\pubfield.gif
C:\Program Files (x86)\EWSoftware\Sandcastle Help File Builder\PresentationStyles\VS2010\icons\pubinterface.gif -&gt; C:\Users\Oskars\Documents\Visual Studio 2013\Projects\Clusterpoint API\Doc\Help\Working\Output\Website\icons\pubinterface.gif
C:\Program Files (x86)\EWSoftware\Sandcastle Help File Builder\PresentationStyles\VS2010\icons\pubmethod.gif -&gt; C:\Users\Oskars\Documents\Visual Studio 2013\Projects\Clusterpoint API\Doc\Help\Working\Output\Website\icons\pubmethod.gif
C:\Program Files (x86)\EWSoftware\Sandcastle Help File Builder\PresentationStyles\VS2010\icons\puboperator.gif -&gt; C:\Users\Oskars\Documents\Visual Studio 2013\Projects\Clusterpoint API\Doc\Help\Working\Output\Website\icons\puboperator.gif
C:\Program Files (x86)\EWSoftware\Sandcastle Help File Builder\PresentationStyles\VS2010\icons\pubproperty.gif -&gt; C:\Users\Oskars\Documents\Visual Studio 2013\Projects\Clusterpoint API\Doc\Help\Working\Output\Website\icons\pubproperty.gif
C:\Program Files (x86)\EWSoftware\Sandcastle Help File Builder\PresentationStyles\VS2010\icons\pubstructure.gif -&gt; C:\Users\Oskars\Documents\Visual Studio 2013\Projects\Clusterpoint API\Doc\Help\Working\Output\Website\icons\pubstructure.gif
C:\Program Files (x86)\EWSoftware\Sandcastle Help File Builder\PresentationStyles\VS2010\icons\slMobile.gif -&gt; C:\Users\Oskars\Documents\Visual Studio 2013\Projects\Clusterpoint API\Doc\Help\Working\Output\Website\icons\slMobile.gif
C:\Program Files (x86)\EWSoftware\Sandcastle Help File Builder\PresentationStyles\VS2010\icons\static.gif -&gt; C:\Users\Oskars\Documents\Visual Studio 2013\Projects\Clusterpoint API\Doc\Help\Working\Output\Website\icons\static.gif
C:\Program Files (x86)\EWSoftware\Sandcastle Help File Builder\PresentationStyles\VS2010\icons\tabLeftBG.gif -&gt; C:\Users\Oskars\Documents\Visual Studio 2013\Projects\Clusterpoint API\Doc\Help\Working\Output\Website\icons\tabLeftBG.gif
C:\Program Files (x86)\EWSoftware\Sandcastle Help File Builder\PresentationStyles\VS2010\icons\tabRightBG.gif -&gt; C:\Users\Oskars\Documents\Visual Studio 2013\Projects\Clusterpoint API\Doc\Help\Working\Output\Website\icons\tabRightBG.gif
C:\Program Files (x86)\EWSoftware\Sandcastle Help File Builder\PresentationStyles\VS2010\icons\xna.gif -&gt; C:\Users\Oskars\Documents\Visual Studio 2013\Projects\Clusterpoint API\Doc\Help\Working\Output\Website\icons\xna.gif
C:\Program Files (x86)\EWSoftware\Sandcastle Help File Builder\PresentationStyles\VS2010\scripts\branding.js -&gt; C:\Users\Oskars\Documents\Visual Studio 2013\Projects\Clusterpoint API\Doc\Help\Working\Output\Website\scripts\branding.js
C:\Program Files (x86)\EWSoftware\Sandcastle Help File Builder\PresentationStyles\VS2010\styles\branding-cs-CZ.css -&gt; C:\Users\Oskars\Documents\Visual Studio 2013\Projects\Clusterpoint API\Doc\Help\Working\Output\Website\styles\branding-cs-CZ.css
C:\Program Files (x86)\EWSoftware\Sandcastle Help File Builder\PresentationStyles\VS2010\styles\branding-de-DE.css -&gt; C:\Users\Oskars\Documents\Visual Studio 2013\Projects\Clusterpoint API\Doc\Help\Working\Output\Website\styles\branding-de-DE.css
C:\Program Files (x86)\EWSoftware\Sandcastle Help File Builder\PresentationStyles\VS2010\styles\branding-en-US.css -&gt; C:\Users\Oskars\Documents\Visual Studio 2013\Projects\Clusterpoint API\Doc\Help\Working\Output\Website\styles\branding-en-US.css
C:\Program Files (x86)\EWSoftware\Sandcastle Help File Builder\PresentationStyles\VS2010\styles\branding-es-ES.css -&gt; C:\Users\Oskars\Documents\Visual Studio 2013\Projects\Clusterpoint API\Doc\Help\Working\Output\Website\styles\branding-es-ES.css
C:\Program Files (x86)\EWSoftware\Sandcastle Help File Builder\PresentationStyles\VS2010\styles\branding-fr-FR.css -&gt; C:\Users\Oskars\Documents\Visual Studio 2013\Projects\Clusterpoint API\Doc\Help\Working\Output\Website\styles\branding-fr-FR.css
C:\Program Files (x86)\EWSoftware\Sandcastle Help File Builder\PresentationStyles\VS2010\styles\branding-Help1.css -&gt; C:\Users\Oskars\Documents\Visual Studio 2013\Projects\Clusterpoint API\Doc\Help\Working\Output\Website\styles\branding-Help1.css
C:\Program Files (x86)\EWSoftware\Sandcastle Help File Builder\PresentationStyles\VS2010\styles\branding-Help2.css -&gt; C:\Users\Oskars\Documents\Visual Studio 2013\Projects\Clusterpoint API\Doc\Help\Working\Output\Website\styles\branding-Help2.css
C:\Program Files (x86)\EWSoftware\Sandcastle Help File Builder\PresentationStyles\VS2010\styles\branding-HelpViewer.css -&gt; C:\Users\Oskars\Documents\Visual Studio 2013\Projects\Clusterpoint API\Doc\Help\Working\Output\Website\styles\branding-HelpViewer.css
C:\Program Files (x86)\EWSoftware\Sandcastle Help File Builder\PresentationStyles\VS2010\styles\branding-it-IT.css -&gt; C:\Users\Oskars\Documents\Visual Studio 2013\Projects\Clusterpoint API\Doc\Help\Working\Output\Website\styles\branding-it-IT.css
C:\Program Files (x86)\EWSoftware\Sandcastle Help File Builder\PresentationStyles\VS2010\styles\branding-ja-JP.css -&gt; C:\Users\Oskars\Documents\Visual Studio 2013\Projects\Clusterpoint API\Doc\Help\Working\Output\Website\styles\branding-ja-JP.css
C:\Program Files (x86)\EWSoftware\Sandcastle Help File Builder\PresentationStyles\VS2010\styles\branding-ko-KR.css -&gt; C:\Users\Oskars\Documents\Visual Studio 2013\Projects\Clusterpoint API\Doc\Help\Working\Output\Website\styles\branding-ko-KR.css
C:\Program Files (x86)\EWSoftware\Sandcastle Help File Builder\PresentationStyles\VS2010\styles\branding-pl-PL.css -&gt; C:\Users\Oskars\Documents\Visual Studio 2013\Projects\Clusterpoint API\Doc\Help\Working\Output\Website\styles\branding-pl-PL.css
C:\Program Files (x86)\EWSoftware\Sandcastle Help File Builder\PresentationStyles\VS2010\styles\branding-pt-BR.css -&gt; C:\Users\Oskars\Documents\Visual Studio 2013\Projects\Clusterpoint API\Doc\Help\Working\Output\Website\styles\branding-pt-BR.css
C:\Program Files (x86)\EWSoftware\Sandcastle Help File Builder\PresentationStyles\VS2010\styles\branding-ru-RU.css -&gt; C:\Users\Oskars\Documents\Visual Studio 2013\Projects\Clusterpoint API\Doc\Help\Working\Output\Website\styles\branding-ru-RU.css
C:\Program Files (x86)\EWSoftware\Sandcastle Help File Builder\PresentationStyles\VS2010\styles\branding-tr-TR.css -&gt; C:\Users\Oskars\Documents\Visual Studio 2013\Projects\Clusterpoint API\Doc\Help\Working\Output\Website\styles\branding-tr-TR.css
C:\Program Files (x86)\EWSoftware\Sandcastle Help File Builder\PresentationStyles\VS2010\styles\branding-zh-CN.css -&gt; C:\Users\Oskars\Documents\Visual Studio 2013\Projects\Clusterpoint API\Doc\Help\Working\Output\Website\styles\branding-zh-CN.css
C:\Program Files (x86)\EWSoftware\Sandcastle Help File Builder\PresentationStyles\VS2010\styles\branding-zh-TW.css -&gt; C:\Users\Oskars\Documents\Visual Studio 2013\Projects\Clusterpoint API\Doc\Help\Working\Output\Website\styles\branding-zh-TW.css
C:\Program Files (x86)\EWSoftware\Sandcastle Help File Builder\PresentationStyles\VS2010\styles\branding.css -&gt; C:\Users\Oskars\Documents\Visual Studio 2013\Projects\Clusterpoint API\Doc\Help\Working\Output\Website\styles\branding.css
C:\Program Files (x86)\EWSoftware\Sandcastle Help File Builder\PresentationStyles\VS2010\..\LegacyWeb\CloseSearch.png -&gt; C:\Users\Oskars\Documents\Visual Studio 2013\Projects\Clusterpoint API\Doc\Help\Working\Output\Website\CloseSearch.png
C:\Program Files (x86)\EWSoftware\Sandcastle Help File Builder\PresentationStyles\VS2010\..\LegacyWeb\CollapseAll.png -&gt; C:\Users\Oskars\Documents\Visual Studio 2013\Projects\Clusterpoint API\Doc\Help\Working\Output\Website\CollapseAll.png
C:\Program Files (x86)\EWSoftware\Sandcastle Help File Builder\PresentationStyles\VS2010\..\LegacyWeb\Collapsed.gif -&gt; C:\Users\Oskars\Documents\Visual Studio 2013\Projects\Clusterpoint API\Doc\Help\Working\Output\Website\Collapsed.gif
C:\Program Files (x86)\EWSoftware\Sandcastle Help File Builder\PresentationStyles\VS2010\..\LegacyWeb\Expanded.gif -&gt; C:\Users\Oskars\Documents\Visual Studio 2013\Projects\Clusterpoint API\Doc\Help\Working\Output\Website\Expanded.gif
C:\Program Files (x86)\EWSoftware\Sandcastle Help File Builder\PresentationStyles\VS2010\..\LegacyWeb\favicon.ico -&gt; C:\Users\Oskars\Documents\Visual Studio 2013\Projects\Clusterpoint API\Doc\Help\Working\Output\Website\favicon.ico
C:\Program Files (x86)\EWSoftware\Sandcastle Help File Builder\PresentationStyles\VS2010\..\LegacyWeb\FillNode.aspx -&gt; C:\Users\Oskars\Documents\Visual Studio 2013\Projects\Clusterpoint API\Doc\Help\Working\Output\Website\FillNode.aspx
C:\Program Files (x86)\EWSoftware\Sandcastle Help File Builder\PresentationStyles\VS2010\..\LegacyWeb\FillNode.php -&gt; C:\Users\Oskars\Documents\Visual Studio 2013\Projects\Clusterpoint API\Doc\Help\Working\Output\Website\FillNode.php
C:\Program Files (x86)\EWSoftware\Sandcastle Help File Builder\PresentationStyles\VS2010\..\LegacyWeb\Index.aspx -&gt; C:\Users\Oskars\Documents\Visual Studio 2013\Projects\Clusterpoint API\Doc\Help\Working\Output\Website\Index.aspx
C:\Program Files (x86)\EWSoftware\Sandcastle Help File Builder\PresentationStyles\VS2010\..\LegacyWeb\Index.gif -&gt; C:\Users\Oskars\Documents\Visual Studio 2013\Projects\Clusterpoint API\Doc\Help\Working\Output\Website\Index.gif
C:\Program Files (x86)\EWSoftware\Sandcastle Help File Builder\PresentationStyles\VS2010\..\LegacyWeb\index.html -&gt; C:\Users\Oskars\Documents\Visual Studio 2013\Projects\Clusterpoint API\Doc\Help\Working\Output\Website\index.html
C:\Program Files (x86)\EWSoftware\Sandcastle Help File Builder\PresentationStyles\VS2010\..\LegacyWeb\index.php -&gt; C:\Users\Oskars\Documents\Visual Studio 2013\Projects\Clusterpoint API\Doc\Help\Working\Output\Website\index.php
C:\Program Files (x86)\EWSoftware\Sandcastle Help File Builder\PresentationStyles\VS2010\..\LegacyWeb\Item.gif -&gt; C:\Users\Oskars\Documents\Visual Studio 2013\Projects\Clusterpoint API\Doc\Help\Working\Output\Website\Item.gif
C:\Program Files (x86)\EWSoftware\Sandcastle Help File Builder\PresentationStyles\VS2010\..\LegacyWeb\LoadIndexKeywords.aspx -&gt; C:\Users\Oskars\Documents\Visual Studio 2013\Projects\Clusterpoint API\Doc\Help\Working\Output\Website\LoadIndexKeywords.aspx
C:\Program Files (x86)\EWSoftware\Sandcastle Help File Builder\PresentationStyles\VS2010\..\LegacyWeb\LoadIndexKeywords.php -&gt; C:\Users\Oskars\Documents\Visual Studio 2013\Projects\Clusterpoint API\Doc\Help\Working\Output\Website\LoadIndexKeywords.php
C:\Program Files (x86)\EWSoftware\Sandcastle Help File Builder\PresentationStyles\VS2010\..\LegacyWeb\Search.gif -&gt; C:\Users\Oskars\Documents\Visual Studio 2013\Projects\Clusterpoint API\Doc\Help\Working\Output\Website\Search.gif
C:\Program Files (x86)\EWSoftware\Sandcastle Help File Builder\PresentationStyles\VS2010\..\LegacyWeb\SearchHelp.aspx -&gt; C:\Users\Oskars\Documents\Visual Studio 2013\Projects\Clusterpoint API\Doc\Help\Working\Output\Website\SearchHelp.aspx
C:\Program Files (x86)\EWSoftware\Sandcastle Help File Builder\PresentationStyles\VS2010\..\LegacyWeb\SearchHelp.inc.php -&gt; C:\Users\Oskars\Documents\Visual Studio 2013\Projects\Clusterpoint API\Doc\Help\Working\Output\Website\SearchHelp.inc.php
C:\Program Files (x86)\EWSoftware\Sandcastle Help File Builder\PresentationStyles\VS2010\..\LegacyWeb\SearchHelp.php -&gt; C:\Users\Oskars\Documents\Visual Studio 2013\Projects\Clusterpoint API\Doc\Help\Working\Output\Website\SearchHelp.php
C:\Program Files (x86)\EWSoftware\Sandcastle Help File Builder\PresentationStyles\VS2010\..\LegacyWeb\Splitter.gif -&gt; C:\Users\Oskars\Documents\Visual Studio 2013\Projects\Clusterpoint API\Doc\Help\Working\Output\Website\Splitter.gif
C:\Program Files (x86)\EWSoftware\Sandcastle Help File Builder\PresentationStyles\VS2010\..\LegacyWeb\SyncTOC.gif -&gt; C:\Users\Oskars\Documents\Visual Studio 2013\Projects\Clusterpoint API\Doc\Help\Working\Output\Website\SyncTOC.gif
C:\Program Files (x86)\EWSoftware\Sandcastle Help File Builder\PresentationStyles\VS2010\..\LegacyWeb\TOC.css -&gt; C:\Users\Oskars\Documents\Visual Studio 2013\Projects\Clusterpoint API\Doc\Help\Working\Output\Website\TOC.css
C:\Program Files (x86)\EWSoftware\Sandcastle Help File Builder\PresentationStyles\VS2010\..\LegacyWeb\TOC.js -&gt; C:\Users\Oskars\Documents\Visual Studio 2013\Projects\Clusterpoint API\Doc\Help\Working\Output\Website\TOC.js
C:\Program Files (x86)\EWSoftware\Sandcastle Help File Builder\PresentationStyles\VS2010\..\LegacyWeb\Web.Config -&gt; C:\Users\Oskars\Documents\Visual Studio 2013\Projects\Clusterpoint API\Doc\Help\Working\Output\Website\Web.Config
    Last step completed in 00:00:01,1291
</buildStep>
<buildStep step="GenerateHelpFormatTableOfContents">
Generating HTML Help 1 table of contents file...
    Last step completed in 00:00:00,0020
</buildStep>
<buildStep step="GenerateHelpFileIndex">
Generating HTML Help 1 index file...
    Last step completed in 00:00:00,0050
</buildStep>
<buildStep step="GenerateHelpProject">
Generating HTML Help 1 project file...
    Last step completed in 00:00:00,0100
</buildStep>
<buildStep step="CompilingHelpFile">
Compiling HTML Help 1 file...
[C:\Windows\Microsoft.NET\Framework64\v4.0.30319\MSBuild.exe]
  Microsoft HTML Help Compiler 4.74.8702
  
  
  
  Compiling c:\Users\Oskars\Documents\Visual Studio 2013\Projects\Clusterpoint API\Doc\Help\Working\Output\HtmlHelp1\Documentation.chm
  
  
  
  
  
  Compile time: 0 minutes, 4 seconds
  
  440	Topics
  
  6,979	Local links
  
  2,375	Internet links
  
  0	Graphics
  
  
  
  
  
  Created c:\Users\Oskars\Documents\Visual Studio 2013\Projects\Clusterpoint API\Doc\Help\Working\Output\HtmlHelp1\Documentation.chm, 659,566 bytes
  
  Compression decreased file by 4,005,335 bytes.
  
    Last step completed in 00:00:06,1791
</buildStep>
<buildStep step="GenerateHelpFormatTableOfContents">
Generating website table of contents file...
    Last step completed in 00:00:00,0140
</buildStep>
<buildStep step="GenerateFullTextIndex">
Generating full-text index for the website...

    Last step completed in 00:00:01,5675
</buildStep>
<buildStep step="CopyingWebsiteFiles">
Copying website files to output folder...

Copied 100 files
Copied 200 files
Copied 300 files
Copied 400 files
Copied 500 files
Copied 553 files for the website content
    Last step completed in 00:00:00,5397
</buildStep>
<buildStep step="CleanIntermediates">
Removing intermediate files...
    Last step completed in 00:00:00,5924
</buildStep>
<buildStep step="Completed">

Build completed successfully at 19.11.2015. 12:34:43.  Total time: 00:00:20,0255

</buildStep>
</shfbBuild>
